# JRE version: Java(TM) SE Runtime Environment 18.9 (11.0.11+9) (build 11.0.11+9-LTS-194)
# Java VM: Java HotSpot(TM) 64-Bit Server VM 18.9 (11.0.11+9-LTS-194, mixed mode, tiered, compressed oops, parallel gc, windows-amd64)
Heap:
 PSYoungGen      total 23040K, used 0K [0x00000000eab00000, 0x00000000eca80000, 0x0000000100000000)
  eden space 22016K, 0% used [0x00000000eab00000,0x00000000eab00000,0x00000000ec080000)
  from space 1024K, 0% used [0x00000000ec080000,0x00000000ec080000,0x00000000ec180000)
  to   space 4096K, 0% used [0x00000000ec680000,0x00000000ec680000,0x00000000eca80000)
 ParOldGen       total 68608K, used 24675K [0x00000000c0000000, 0x00000000c4300000, 0x00000000eab00000)
  object space 68608K, 35% used [0x00000000c0000000,0x00000000c1818cf8,0x00000000c4300000)
 Metaspace       used 33503K, capacity 35380K, committed 35672K, reserved 1081344K
  class space    used 3168K, capacity 3842K, committed 3928K, reserved 1048576K
GC Heap History (10 events):
Event: 12.210 GC heap before
{Heap before GC invocations=9 (full 1):
 PSYoungGen      total 30720K, used 30695K [0x00000000eab00000, 0x00000000ed480000, 0x0000000100000000)
  eden space 24064K, 100% used [0x00000000eab00000,0x00000000ec280000,0x00000000ec280000)
  from space 6656K, 99% used [0x00000000ec380000,0x00000000ec9f9d28,0x00000000eca00000)
  to   space 9216K, 0% used [0x00000000ecb80000,0x00000000ecb80000,0x00000000ed480000)
 ParOldGen       total 68608K, used 10834K [0x00000000c0000000, 0x00000000c4300000, 0x00000000eab00000)
  object space 68608K, 15% used [0x00000000c0000000,0x00000000c0a94b00,0x00000000c4300000)
 Metaspace       used 31521K, capacity 33248K, committed 33408K, reserved 1079296K
  class space    used 3031K, capacity 3660K, committed 3712K, reserved 1048576K
}
Event: 12.230 GC heap after
{Heap after GC invocations=9 (full 1):
 PSYoungGen      total 30720K, used 6816K [0x00000000eab00000, 0x00000000ed280000, 0x0000000100000000)
  eden space 23552K, 0% used [0x00000000eab00000,0x00000000eab00000,0x00000000ec200000)
  from space 7168K, 95% used [0x00000000ecb80000,0x00000000ed228020,0x00000000ed280000)
  to   space 7680K, 0% used [0x00000000ec380000,0x00000000ec380000,0x00000000ecb00000)
 ParOldGen       total 68608K, used 12898K [0x00000000c0000000, 0x00000000c4300000, 0x00000000eab00000)
  object space 68608K, 18% used [0x00000000c0000000,0x00000000c0c98940,0x00000000c4300000)
 Metaspace       used 31521K, capacity 33248K, committed 33408K, reserved 1079296K
  class space    used 3031K, capacity 3660K, committed 3712K, reserved 1048576K
}
Event: 12.347 GC heap before
{Heap before GC invocations=10 (full 1):
 PSYoungGen      total 30720K, used 30368K [0x00000000eab00000, 0x00000000ed280000, 0x0000000100000000)
  eden space 23552K, 100% used [0x00000000eab00000,0x00000000ec200000,0x00000000ec200000)
  from space 7168K, 95% used [0x00000000ecb80000,0x00000000ed228020,0x00000000ed280000)
  to   space 7680K, 0% used [0x00000000ec380000,0x00000000ec380000,0x00000000ecb00000)
 ParOldGen       total 68608K, used 12898K [0x00000000c0000000, 0x00000000c4300000, 0x00000000eab00000)
  object space 68608K, 18% used [0x00000000c0000000,0x00000000c0c98940,0x00000000c4300000)
 Metaspace       used 31521K, capacity 33248K, committed 33408K, reserved 1079296K
  class space    used 3031K, capacity 3660K, committed 3712K, reserved 1048576K
}
Event: 12.362 GC heap after
{Heap after GC invocations=10 (full 1):
 PSYoungGen      total 29696K, used 6176K [0x00000000eab00000, 0x00000000ece80000, 0x0000000100000000)
  eden space 23040K, 0% used [0x00000000eab00000,0x00000000eab00000,0x00000000ec180000)
  from space 6656K, 92% used [0x00000000ec380000,0x00000000ec988020,0x00000000eca00000)
  to   space 4608K, 0% used [0x00000000eca00000,0x00000000eca00000,0x00000000ece80000)
 ParOldGen       total 68608K, used 15553K [0x00000000c0000000, 0x00000000c4300000, 0x00000000eab00000)
  object space 68608K, 22% used [0x00000000c0000000,0x00000000c0f307f8,0x00000000c4300000)
 Metaspace       used 31521K, capacity 33248K, committed 33408K, reserved 1079296K
  class space    used 3031K, capacity 3660K, committed 3712K, reserved 1048576K
}
Event: 12.869 GC heap before
{Heap before GC invocations=11 (full 1):
 PSYoungGen      total 29696K, used 29216K [0x00000000eab00000, 0x00000000ece80000, 0x0000000100000000)
  eden space 23040K, 100% used [0x00000000eab00000,0x00000000ec180000,0x00000000ec180000)
  from space 6656K, 92% used [0x00000000ec380000,0x00000000ec988020,0x00000000eca00000)
  to   space 4608K, 0% used [0x00000000eca00000,0x00000000eca00000,0x00000000ece80000)
 ParOldGen       total 68608K, used 15553K [0x00000000c0000000, 0x00000000c4300000, 0x00000000eab00000)
  object space 68608K, 22% used [0x00000000c0000000,0x00000000c0f307f8,0x00000000c4300000)
 Metaspace       used 32146K, capacity 33972K, committed 34048K, reserved 1079296K
  class space    used 3084K, capacity 3778K, committed 3840K, reserved 1048576K
}
Event: 12.885 GC heap after
{Heap after GC invocations=11 (full 1):
 PSYoungGen      total 26624K, used 4580K [0x00000000eab00000, 0x00000000ed400000, 0x0000000100000000)
  eden space 22016K, 0% used [0x00000000eab00000,0x00000000eab00000,0x00000000ec080000)
  from space 4608K, 99% used [0x00000000eca00000,0x00000000ece793d0,0x00000000ece80000)
  to   space 9728K, 0% used [0x00000000ec080000,0x00000000ec080000,0x00000000eca00000)
 ParOldGen       total 68608K, used 19990K [0x00000000c0000000, 0x00000000c4300000, 0x00000000eab00000)
  object space 68608K, 29% used [0x00000000c0000000,0x00000000c1385b70,0x00000000c4300000)
 Metaspace       used 32146K, capacity 33972K, committed 34048K, reserved 1079296K
  class space    used 3084K, capacity 3778K, committed 3840K, reserved 1048576K
}
Event: 13.174 GC heap before
{Heap before GC invocations=12 (full 1):
 PSYoungGen      total 26624K, used 8311K [0x00000000eab00000, 0x00000000ed400000, 0x0000000100000000)
  eden space 22016K, 16% used [0x00000000eab00000,0x00000000eaea4ab8,0x00000000ec080000)
  from space 4608K, 99% used [0x00000000eca00000,0x00000000ece793d0,0x00000000ece80000)
  to   space 9728K, 0% used [0x00000000ec080000,0x00000000ec080000,0x00000000eca00000)
 ParOldGen       total 68608K, used 19990K [0x00000000c0000000, 0x00000000c4300000, 0x00000000eab00000)
  object space 68608K, 29% used [0x00000000c0000000,0x00000000c1385b70,0x00000000c4300000)
 Metaspace       used 33480K, capacity 35316K, committed 35416K, reserved 1081344K
  class space    used 3168K, capacity 3842K, committed 3928K, reserved 1048576K
}
Event: 13.189 GC heap after
{Heap after GC invocations=12 (full 1):
 PSYoungGen      total 23040K, used 549K [0x00000000eab00000, 0x00000000eca80000, 0x0000000100000000)
  eden space 22016K, 0% used [0x00000000eab00000,0x00000000eab00000,0x00000000ec080000)
  from space 1024K, 53% used [0x00000000ec080000,0x00000000ec109450,0x00000000ec180000)
  to   space 4096K, 0% used [0x00000000ec680000,0x00000000ec680000,0x00000000eca80000)
 ParOldGen       total 68608K, used 24600K [0x00000000c0000000, 0x00000000c4300000, 0x00000000eab00000)
  object space 68608K, 35% used [0x00000000c0000000,0x00000000c1806330,0x00000000c4300000)
 Metaspace       used 33480K, capacity 35316K, committed 35416K, reserved 1081344K
  class space    used 3168K, capacity 3842K, committed 3928K, reserved 1048576K
}
Event: 13.189 GC heap before
{Heap before GC invocations=13 (full 2):
 PSYoungGen      total 23040K, used 549K [0x00000000eab00000, 0x00000000eca80000, 0x0000000100000000)
  eden space 22016K, 0% used [0x00000000eab00000,0x00000000eab00000,0x00000000ec080000)
  from space 1024K, 53% used [0x00000000ec080000,0x00000000ec109450,0x00000000ec180000)
  to   space 4096K, 0% used [0x00000000ec680000,0x00000000ec680000,0x00000000eca80000)
 ParOldGen       total 68608K, used 24600K [0x00000000c0000000, 0x00000000c4300000, 0x00000000eab00000)
  object space 68608K, 35% used [0x00000000c0000000,0x00000000c1806330,0x00000000c4300000)
 Metaspace       used 33480K, capacity 35316K, committed 35416K, reserved 1081344K
  class space    used 3168K, capacity 3842K, committed 3928K, reserved 1048576K
}
Event: 13.637 GC heap after
{Heap after GC invocations=13 (full 2):
 PSYoungGen      total 23040K, used 0K [0x00000000eab00000, 0x00000000eca80000, 0x0000000100000000)
  eden space 22016K, 0% used [0x00000000eab00000,0x00000000eab00000,0x00000000ec080000)
  from space 1024K, 0% used [0x00000000ec080000,0x00000000ec080000,0x00000000ec180000)
  to   space 4096K, 0% used [0x00000000ec680000,0x00000000ec680000,0x00000000eca80000)
 ParOldGen       total 68608K, used 24675K [0x00000000c0000000, 0x00000000c4300000, 0x00000000eab00000)
  object space 68608K, 35% used [0x00000000c0000000,0x00000000c1818cf8,0x00000000c4300000)
 Metaspace       used 33480K, capacity 35316K, committed 35416K, reserved 1081344K
  class space    used 3168K, capacity 3842K, committed 3928K, reserved 1048576K
}

